{"uuid":"388cc1af-0196-427c-bc9c-002fbed6863a","historyId":"df5041bff045dbabc93a78eece24d285","testCaseId":"3eef51474f19dcbf688963cd3f3b60c0","fullName":"src/test/resources/Features/Register.feature:42","labels":[{"name":"tag","value":"Register"},{"name":"tag","value":"all"},{"name":"tag","value":"TS_Register_05"},{"name":"host","value":"Sudha"},{"name":"thread","value":"42008@Sudha.main(1)"},{"name":"feature","value":"Testing functionality of Register Page"},{"name":"story","value":"The user Registers with invalid Details"},{"name":"suite","value":"Testing functionality of Register Page"},{"name":"testClass","value":"The user Registers with invalid Details"},{"name":"framework","value":"cucumber4jvm"},{"name":"language","value":"java"},{"name":"gherkin_uri","value":"file:///C:/work/DSAlgo.RockStars/src/test/resources/Features/Register.feature"},{"name":"package","value":"src.test.resources.Features.Register_feature.Testing functionality of Register Page"}],"links":[],"name":"The user Registers with invalid Details","status":"failed","statusDetails":{"known":false,"muted":false,"flaky":false,"message":"Error Message is incorrect expected [Please enter a valid username] but found [password_mismatch:The two password fields didn’t match.]","trace":"java.lang.AssertionError: Error Message is incorrect expected [Please enter a valid username] but found [password_mismatch:The two password fields didn’t match.]\r\n\tat org.testng.Assert.fail(Assert.java:111)\r\n\tat org.testng.Assert.failNotEquals(Assert.java:1578)\r\n\tat org.testng.Assert.assertEqualsImpl(Assert.java:150)\r\n\tat org.testng.Assert.assertEquals(Assert.java:132)\r\n\tat org.testng.Assert.assertEquals(Assert.java:656)\r\n\tat dsalgo_StepDefinition.Register_SD.the_user_should_be_able_to_see_the_error_msg(Register_SD.java:106)\r\n\tat ✽.The user should be able to see the error msg \"Please enter a valid username\"(file:///C:/work/DSAlgo.RockStars/src/test/resources/Features/Register.feature:36)\r\n"},"stage":"finished","steps":[{"name":"Given The user opens Register Page","status":"passed","statusDetails":{"known":false,"muted":false,"flaky":false},"stage":"finished","steps":[],"attachments":[],"parameters":[],"start":1730946775566,"stop":1730946776178},{"name":"When The user enters  \"&&**&&**\" and \"aha_1@456\" and \"aha_1@456\"","status":"passed","statusDetails":{"known":false,"muted":false,"flaky":false},"stage":"finished","steps":[],"attachments":[],"parameters":[],"start":1730946776178,"stop":1730946776604},{"name":"Then The user should be able to see the error msg \"Please enter a valid username\"","status":"failed","statusDetails":{"known":false,"muted":false,"flaky":false,"message":"Error Message is incorrect expected [Please enter a valid username] but found [password_mismatch:The two password fields didn’t match.]","trace":"java.lang.AssertionError: Error Message is incorrect expected [Please enter a valid username] but found [password_mismatch:The two password fields didn’t match.]\r\n\tat org.testng.Assert.fail(Assert.java:111)\r\n\tat org.testng.Assert.failNotEquals(Assert.java:1578)\r\n\tat org.testng.Assert.assertEqualsImpl(Assert.java:150)\r\n\tat org.testng.Assert.assertEquals(Assert.java:132)\r\n\tat org.testng.Assert.assertEquals(Assert.java:656)\r\n\tat dsalgo_StepDefinition.Register_SD.the_user_should_be_able_to_see_the_error_msg(Register_SD.java:106)\r\n\tat ✽.The user should be able to see the error msg \"Please enter a valid username\"(file:///C:/work/DSAlgo.RockStars/src/test/resources/Features/Register.feature:36)\r\n"},"stage":"finished","steps":[],"attachments":[],"parameters":[],"start":1730946776604,"stop":1730946776655}],"attachments":[],"parameters":[{"name":"username","value":"&&**&&**"},{"name":"password","value":"aha_1@456"},{"name":"passwordconfirmation","value":"aha_1@456"},{"name":"errormsg","value":"Please enter a valid username"}],"start":1730946774755,"stop":1730946780138}